{
  "stats": {
    "suites": 1,
    "tests": 1,
    "passes": 1,
    "pending": 0,
    "failures": 0,
    "start": "2025-11-20T10:47:01.982Z",
    "end": "2025-11-20T10:47:33.794Z",
    "duration": 31812,
    "testsRegistered": 1,
    "passPercent": 100,
    "pendingPercent": 0,
    "other": 0,
    "hasOther": false,
    "skipped": 0,
    "hasSkipped": false
  },
  "results": [
    {
      "uuid": "9c21da41-1e0d-42de-8f23-4ee79539775d",
      "title": "",
      "fullFile": "cypress/e2e/TS1_RegisterUserLogin&DeleteAccount.cy.js",
      "file": "cypress/e2e/TS1_RegisterUserLogin&DeleteAccount.cy.js",
      "beforeHooks": [],
      "afterHooks": [],
      "tests": [],
      "suites": [
        {
          "uuid": "22e72385-1cd3-4748-a0cd-305702f249af",
          "title": "Test Scenarios to Register User,Login & Delete Account",
          "fullFile": "",
          "file": "",
          "beforeHooks": [],
          "afterHooks": [],
          "tests": [
            {
              "title": "Navigate to and verify homepage URL, SignIn, LogIn and then delete account",
              "fullTitle": "Test Scenarios to Register User,Login & Delete Account Navigate to and verify homepage URL, SignIn, LogIn and then delete account",
              "timedOut": null,
              "duration": 27899,
              "state": "passed",
              "speed": "slow",
              "pass": true,
              "fail": false,
              "pending": false,
              "context": null,
              "code": "cy.get('@signupData').then(signupData => {\n  const {\n    password,\n    dobDay,\n    dobMonth,\n    dobYear,\n    address\n  } = signupData.signupUser;\n  //Step 3 : Verify home page has loaded sucesfully\n  const homepage = Cypress.config('homepageUrl');\n  cy.url().should('eq', homepage);\n  cy.contains('Home').should('exist');\n  //Step 4 : Click on 'Signup / login' button\n  cy.clickByText(_signupPage.home.signupLoginBtn);\n  //Step 5 : Verify 'New User Signup' in visible\n  cy.contains(_signupPage.signup.newUserText).should('be.visible');\n  //Step 6 : Enter Name and email Address\n  cy.fillSignupBasic(username, email);\n  //Step 7 : Click Sgin up Button\n  cy.clickSignupButton();\n  // Step 8: Verify that 'ENTER ACCOUNT INFORMATION' is visible\n  cy.verifyEnterAccountInfoHeading(_signupPage.accountInfo.enterAccountInfoText);\n  //Step 9: Fill details: Title, Name, Email, Password, Date of birth\n  cy.enterSignupDetailsPart1(password, dobDay, dobMonth, dobYear);\n  //Step 10 : Select checkbox 'Sign up for our newsletter!'\n  cy.checkSignupNewsLetter();\n  //Step 11 : Select checkbox 'Receive special offers from our partners!'\n  cy.checkSpecialOffers();\n  //Step 12 : Fill details: First name, Last name, Company, Address, Address2, Country, State, City, Zipcode, Mobile Number\n  cy.enterSignupDetailsPart2(address);\n  //Step 13 : Click 'Create Account button'\n  cy.clickByText('Create Account');\n  //Step 14 :  Verify that 'ACCOUNT CREATED!' is visible \n  cy.verifyAccountCreationSucess();\n  //Step 15 : Click 'Continue' button\n  cy.clickByText('Continue');\n  //Step 16 : Verify that 'Logged in as username' is visible\n  cy.contains((0, _signupPage.loggedInAs)(username)).should('be.visible');\n  //Step 17 & 18 : Click 'Delete Account' button\n  cy.deleteAccount();\n});",
              "err": {},
              "uuid": "f02f31ee-569e-4611-a2c7-798f616c2768",
              "parentUUID": "22e72385-1cd3-4748-a0cd-305702f249af",
              "isHook": false,
              "skipped": false
            }
          ],
          "suites": [],
          "passes": [
            "f02f31ee-569e-4611-a2c7-798f616c2768"
          ],
          "failures": [],
          "pending": [],
          "skipped": [],
          "duration": 27899,
          "root": false,
          "rootEmpty": false,
          "_timeout": 2000
        }
      ],
      "passes": [],
      "failures": [],
      "pending": [],
      "skipped": [],
      "duration": 0,
      "root": true,
      "rootEmpty": true,
      "_timeout": 2000
    }
  ],
  "meta": {
    "mocha": {
      "version": "7.2.0"
    },
    "mochawesome": {
      "options": {
        "quiet": false,
        "reportFilename": "NHSBT-CypressDemo_ExecutionReport_[datetime]_report",
        "saveHtml": false,
        "saveJson": true,
        "consoleReporter": "spec",
        "useInlineDiffs": false,
        "code": true
      },
      "version": "7.1.4"
    },
    "marge": {
      "options": {
        "reportDir": "cypress/results",
        "reportFilename": "NHSBT-CypressDemo_ExecutionReport_[datetime]_report",
        "overwrite": false,
        "html": false,
        "json": true,
        "charts": true
      },
      "version": "6.3.2"
    }
  }
}