{
  "stats": {
    "suites": 1,
    "tests": 1,
    "passes": 1,
    "pending": 0,
    "failures": 0,
    "start": "2025-11-19T23:07:37.921Z",
    "end": "2025-11-19T23:07:38.415Z",
    "duration": 494,
    "testsRegistered": 1,
    "passPercent": 100,
    "pendingPercent": 0,
    "other": 0,
    "hasOther": false,
    "skipped": 0,
    "hasSkipped": false
  },
  "results": [
    {
      "uuid": "572542fe-0801-49af-a280-3e87948dbb18",
      "title": "",
      "fullFile": "cypress/integrationTests/TC1_GET_ProductList.cy.js",
      "file": "cypress/integrationTests/TC1_GET_ProductList.cy.js",
      "beforeHooks": [],
      "afterHooks": [],
      "tests": [],
      "suites": [
        {
          "uuid": "e2614760-f03d-4daf-bd24-e0c0c387d8db",
          "title": "API: Products List",
          "fullFile": "",
          "file": "",
          "beforeHooks": [],
          "afterHooks": [],
          "tests": [
            {
              "title": "should GET products list",
              "fullTitle": "API: Products List should GET products list",
              "timedOut": null,
              "duration": 425,
              "state": "passed",
              "speed": "fast",
              "pass": true,
              "fail": false,
              "pending": false,
              "context": null,
              "code": "const api = Cypress.env('apiUrl');\nconst productListPath = Cypress.env('productList');\n// Clean up possible whitespace\nconst base = api.trim().replace(/\\/$/, '');\nconst path = productListPath.trim().replace(/^\\//, '');\nconst fullUrl = `${base}/${path}`;\ncy.request({\n  method: 'GET',\n  url: fullUrl\n}).then(response => {\n  expect(response.status).to.eq(200);\n  // assume response.body is an array\n  expect(response.body).to.have.length.greaterThan(0);\n});",
              "err": {},
              "uuid": "c9c03d1d-4c96-48f4-8b62-bcf60e3a4bf8",
              "parentUUID": "e2614760-f03d-4daf-bd24-e0c0c387d8db",
              "isHook": false,
              "skipped": false
            }
          ],
          "suites": [],
          "passes": [
            "c9c03d1d-4c96-48f4-8b62-bcf60e3a4bf8"
          ],
          "failures": [],
          "pending": [],
          "skipped": [],
          "duration": 425,
          "root": false,
          "rootEmpty": false,
          "_timeout": 2000
        }
      ],
      "passes": [],
      "failures": [],
      "pending": [],
      "skipped": [],
      "duration": 0,
      "root": true,
      "rootEmpty": true,
      "_timeout": 2000
    }
  ],
  "meta": {
    "mocha": {
      "version": "7.2.0"
    },
    "mochawesome": {
      "options": {
        "quiet": false,
        "reportFilename": "NHSBT-CypressDemo_ExecutionReport_[datetime]_report",
        "saveHtml": false,
        "saveJson": true,
        "consoleReporter": "spec",
        "useInlineDiffs": false,
        "code": true
      },
      "version": "7.1.4"
    },
    "marge": {
      "options": {
        "reportDir": "cypress/results",
        "reportFilename": "NHSBT-CypressDemo_ExecutionReport_[datetime]_report",
        "overwrite": false,
        "html": false,
        "json": true,
        "charts": true
      },
      "version": "6.3.2"
    }
  }
}